============================================================================================== 
Warning! Mixing Conda and module environments may lead to corruption of the
user environment. 
We do not recommend users mixing those two environments unless absolutely
necessary. Note that 
SURF does not provide any support for Conda environment.
For more information, please refer to our software policy page:
https://servicedesk.surf.nl/wiki/display/WIKI/Software+policy+Snellius+and+Lisa#SoftwarepolicySnelliusandLisa-UseofAnacondaandMinicondaenvironmentsonSnellius 

Remember that many packages have already been installed on the system and can
be loaded using 
the 'module load <package__name>' command. If you are uncertain if a package is
already available 
on the system, please use 'module avail' or 'module spider' to search for it.
============================================================================================== 
Files already downloaded and verified
Initializing class-specific contexts
Initial context: "X X X X X X X X X X X X"
Number of context words (tokens): 12
tokenized prompts: torch.Size([10, 77, 512]) ctx:  torch.Size([10, 12, 512])
/home/scur1199/.conda/envs/dl2023/lib/python3.11/site-packages/torch/nn/modules/conv.py:456: UserWarning: Applied workaround for CuDNN issue, install nvrtc.so (Triggered internally at /opt/conda/conda-bld/pytorch_1695392026823/work/aten/src/ATen/native/cudnn/Conv_v8.cpp:80.)
  return F.conv2d(input, weight, bias, self.stride,
torch.Size([10, 77, 512])
torch.Size([10, 512])
torch.Size([10, 77, 512])
torch.Size([10, 512])
torch.Size([10, 77, 512])
torch.Size([10, 512])
torch.Size([10, 77, 512])
torch.Size([10, 512])
torch.Size([10, 77, 512])
torch.Size([10, 512])
torch.Size([10, 77, 512])
torch.Size([10, 512])
torch.Size([10, 77, 512])
torch.Size([10, 512])
torch.Size([10, 77, 512])
torch.Size([10, 512])
torch.Size([10, 77, 512])
torch.Size([10, 512])
torch.Size([10, 77, 512])
torch.Size([10, 512])
torch.Size([10, 77, 512])
torch.Size([10, 512])
torch.Size([10, 77, 512])
torch.Size([10, 512])
torch.Size([10, 77, 512])
torch.Size([10, 512])
torch.Size([10, 77, 512])
torch.Size([10, 512])
torch.Size([10, 77, 512])
torch.Size([10, 512])
torch.Size([10, 77, 512])
torch.Size([10, 512])
torch.Size([10, 77, 512])
torch.Size([10, 512])
torch.Size([10, 77, 512])
torch.Size([10, 512])
torch.Size([10, 77, 512])
torch.Size([10, 512])
torch.Size([10, 77, 512])
torch.Size([10, 512])
torch.Size([10, 77, 512])
torch.Size([10, 512])
torch.Size([10, 77, 512])
torch.Size([10, 512])
torch.Size([10, 77, 512])
torch.Size([10, 512])
torch.Size([10, 77, 512])
torch.Size([10, 512])
torch.Size([10, 77, 512])
torch.Size([10, 512])
torch.Size([10, 77, 512])
torch.Size([10, 512])
torch.Size([10, 77, 512])
torch.Size([10, 512])
torch.Size([10, 77, 512])
torch.Size([10, 512])
torch.Size([10, 77, 512])
torch.Size([10, 512])
torch.Size([10, 77, 512])
torch.Size([10, 512])
torch.Size([10, 77, 512])
torch.Size([10, 512])
torch.Size([10, 77, 512])
torch.Size([10, 512])
torch.Size([10, 77, 512])
torch.Size([10, 512])
torch.Size([10, 77, 512])
torch.Size([10, 512])
torch.Size([10, 77, 512])
torch.Size([10, 512])
torch.Size([10, 77, 512])
torch.Size([10, 512])
torch.Size([10, 77, 512])
torch.Size([10, 512])
torch.Size([10, 77, 512])
torch.Size([10, 512])
torch.Size([10, 77, 512])
torch.Size([10, 512])
torch.Size([10, 77, 512])
torch.Size([10, 512])
torch.Size([10, 77, 512])
torch.Size([10, 512])
torch.Size([10, 77, 512])
torch.Size([10, 512])
torch.Size([10, 77, 512])
torch.Size([10, 512])
torch.Size([10, 77, 512])
torch.Size([10, 512])
torch.Size([10, 77, 512])
torch.Size([10, 512])
torch.Size([10, 77, 512])
torch.Size([10, 512])
torch.Size([10, 77, 512])
torch.Size([10, 512])
torch.Size([10, 77, 512])
torch.Size([10, 512])
torch.Size([10, 77, 512])
torch.Size([10, 512])
torch.Size([10, 77, 512])
torch.Size([10, 512])
torch.Size([10, 77, 512])
torch.Size([10, 512])
torch.Size([10, 77, 512])
torch.Size([10, 512])
torch.Size([10, 77, 512])
torch.Size([10, 512])
torch.Size([10, 77, 512])
torch.Size([10, 512])
torch.Size([10, 77, 512])
torch.Size([10, 512])
torch.Size([10, 77, 512])
torch.Size([10, 512])
torch.Size([10, 77, 512])
torch.Size([10, 512])
torch.Size([10, 77, 512])
torch.Size([10, 512])
torch.Size([10, 77, 512])
torch.Size([10, 512])
torch.Size([10, 77, 512])
torch.Size([10, 512])
torch.Size([10, 77, 512])
torch.Size([10, 512])
torch.Size([10, 77, 512])
torch.Size([10, 512])
torch.Size([10, 77, 512])
torch.Size([10, 512])
torch.Size([10, 77, 512])
torch.Size([10, 512])
torch.Size([10, 77, 512])
torch.Size([10, 512])
torch.Size([10, 77, 512])
torch.Size([10, 512])
torch.Size([10, 77, 512])
torch.Size([10, 512])
torch.Size([10, 77, 512])
torch.Size([10, 512])
torch.Size([10, 77, 512])
torch.Size([10, 512])
torch.Size([10, 77, 512])
torch.Size([10, 512])
torch.Size([10, 77, 512])
torch.Size([10, 512])
torch.Size([10, 77, 512])
torch.Size([10, 512])
torch.Size([10, 77, 512])
torch.Size([10, 512])
torch.Size([10, 77, 512])
torch.Size([10, 512])
torch.Size([10, 77, 512])
torch.Size([10, 512])
torch.Size([10, 77, 512])
torch.Size([10, 512])
torch.Size([10, 77, 512])
torch.Size([10, 512])
torch.Size([10, 77, 512])
torch.Size([10, 512])
torch.Size([10, 77, 512])
torch.Size([10, 512])
torch.Size([10, 77, 512])
torch.Size([10, 512])
torch.Size([10, 77, 512])
torch.Size([10, 512])
torch.Size([10, 77, 512])
torch.Size([10, 512])
torch.Size([10, 77, 512])
torch.Size([10, 512])
torch.Size([10, 77, 512])
torch.Size([10, 512])
torch.Size([10, 77, 512])
torch.Size([10, 512])
torch.Size([10, 77, 512])
torch.Size([10, 512])
torch.Size([10, 77, 512])
torch.Size([10, 512])
torch.Size([10, 77, 512])
torch.Size([10, 512])
torch.Size([10, 77, 512])
torch.Size([10, 512])
torch.Size([10, 77, 512])
torch.Size([10, 512])
torch.Size([10, 77, 512])
torch.Size([10, 512])
torch.Size([10, 77, 512])
torch.Size([10, 512])
torch.Size([10, 77, 512])
torch.Size([10, 512])
torch.Size([10, 77, 512])
torch.Size([10, 512])
torch.Size([10, 77, 512])
torch.Size([10, 512])
torch.Size([10, 77, 512])
torch.Size([10, 512])
torch.Size([10, 77, 512])
torch.Size([10, 512])
torch.Size([10, 77, 512])
torch.Size([10, 512])
torch.Size([10, 77, 512])
torch.Size([10, 512])
torch.Size([10, 77, 512])
torch.Size([10, 512])
torch.Size([10, 77, 512])
torch.Size([10, 512])
torch.Size([10, 77, 512])
torch.Size([10, 512])
torch.Size([10, 77, 512])
torch.Size([10, 512])
torch.Size([10, 77, 512])
torch.Size([10, 512])
torch.Size([10, 77, 512])
torch.Size([10, 512])
torch.Size([10, 77, 512])
torch.Size([10, 512])
torch.Size([10, 77, 512])
torch.Size([10, 512])
torch.Size([10, 77, 512])
torch.Size([10, 512])
torch.Size([10, 77, 512])
torch.Size([10, 512])
torch.Size([10, 77, 512])
torch.Size([10, 512])
torch.Size([10, 77, 512])
torch.Size([10, 512])
torch.Size([10, 77, 512])
torch.Size([10, 512])
torch.Size([10, 77, 512])
torch.Size([10, 512])
torch.Size([10, 77, 512])
torch.Size([10, 512])
torch.Size([10, 77, 512])
torch.Size([10, 512])
torch.Size([10, 77, 512])
torch.Size([10, 512])
torch.Size([10, 77, 512])
torch.Size([10, 512])
torch.Size([10, 77, 512])
torch.Size([10, 512])
torch.Size([10, 77, 512])
torch.Size([10, 512])
torch.Size([10, 77, 512])
torch.Size([10, 512])
torch.Size([10, 77, 512])
torch.Size([10, 512])
torch.Size([10, 77, 512])
torch.Size([10, 512])
torch.Size([10, 77, 512])
torch.Size([10, 512])
torch.Size([10, 77, 512])
torch.Size([10, 512])
torch.Size([10, 77, 512])
torch.Size([10, 512])
torch.Size([10, 77, 512])
torch.Size([10, 512])
torch.Size([10, 77, 512])
torch.Size([10, 512])
torch.Size([10, 77, 512])
torch.Size([10, 512])
torch.Size([10, 77, 512])
torch.Size([10, 512])
torch.Size([10, 77, 512])
torch.Size([10, 512])
torch.Size([10, 77, 512])
torch.Size([10, 512])
torch.Size([10, 77, 512])
torch.Size([10, 512])
torch.Size([10, 77, 512])
torch.Size([10, 512])
torch.Size([10, 77, 512])
torch.Size([10, 512])
torch.Size([10, 77, 512])
torch.Size([10, 512])
torch.Size([10, 77, 512])
torch.Size([10, 512])
torch.Size([10, 77, 512])
torch.Size([10, 512])
torch.Size([10, 77, 512])
torch.Size([10, 512])
torch.Size([10, 77, 512])
torch.Size([10, 512])
torch.Size([10, 77, 512])
torch.Size([10, 512])
torch.Size([10, 77, 512])
torch.Size([10, 512])
torch.Size([10, 77, 512])
torch.Size([10, 512])
torch.Size([10, 77, 512])
torch.Size([10, 512])
torch.Size([10, 77, 512])
torch.Size([10, 512])
torch.Size([10, 77, 512])
torch.Size([10, 512])
torch.Size([10, 77, 512])
torch.Size([10, 512])
torch.Size([10, 77, 512])
torch.Size([10, 512])
torch.Size([10, 77, 512])
torch.Size([10, 512])
torch.Size([10, 77, 512])
torch.Size([10, 512])
torch.Size([10, 77, 512])
torch.Size([10, 512])
torch.Size([10, 77, 512])
torch.Size([10, 512])
torch.Size([10, 77, 512])
torch.Size([10, 512])
torch.Size([10, 77, 512])
torch.Size([10, 512])
torch.Size([10, 77, 512])
torch.Size([10, 512])
torch.Size([10, 77, 512])
torch.Size([10, 512])
torch.Size([10, 77, 512])
torch.Size([10, 512])
torch.Size([10, 77, 512])
torch.Size([10, 512])
Test accuracy: 93.48

JOB STATISTICS
==============
Job ID: 5037417
Cluster: snellius
User/Group: scur1199/scur1199
State: RUNNING
Nodes: 1
Cores per node: 9
CPU Utilized: 00:00:00
CPU Efficiency: 0.00% of 00:03:18 core-walltime
Job Wall-clock time: 00:00:22
Memory Utilized: 0.00 MB (estimated maximum)
Memory Efficiency: 0.00% of 31.25 GB (31.25 GB/node)
WARNING: Efficiency statistics may be misleading for RUNNING jobs.
