============================================================================================== 
Warning! Mixing Conda and module environments may lead to corruption of the
user environment. 
We do not recommend users mixing those two environments unless absolutely
necessary. Note that 
SURF does not provide any support for Conda environment.
For more information, please refer to our software policy page:
https://servicedesk.surf.nl/wiki/display/WIKI/Software+policy+Snellius+and+Lisa#SoftwarepolicySnelliusandLisa-UseofAnacondaandMinicondaenvironmentsonSnellius 

Remember that many packages have already been installed on the system and can
be loaded using 
the 'module load <package__name>' command. If you are uncertain if a package is
already available 
on the system, please use 'module avail' or 'module spider' to search for it.
============================================================================================== 
Files already downloaded and verified
Initializing class-specific contexts
Initial context: "X X X X X X X X X X X X"
Number of context words (tokens): 12
tokenized prompts: torch.Size([100, 77, 512]) ctx:  torch.Size([100, 12, 512])
Successfully loaded model
/home/scur1199/.conda/envs/dl2023/lib/python3.11/site-packages/torch/nn/modules/conv.py:456: UserWarning: Applied workaround for CuDNN issue, install nvrtc.so (Triggered internally at /opt/conda/conda-bld/pytorch_1695392026823/work/aten/src/ATen/native/cudnn/Conv_v8.cpp:80.)
  return F.conv2d(input, weight, bias, self.stride,
1
2
3
4
5
6
7
8
9
10
11
12
13
14
15
16
17
18
19
20
21
22
23
24
25
26
27
28
29
30
31
32
33
34
35
36
37
38
39
40
41
42
43
44
45
46
47
48
49
50
51
52
53
54
55
56
57
58
59
60
61
62
63
64
65
66
67
68
69
70
71
72
73
74
75
76
slurmstepd: error: *** STEP 5038656.0 ON gcn3 CANCELLED AT 2024-01-30T15:29:33 DUE TO TIME LIMIT ***
slurmstepd: error: *** JOB 5038656 ON gcn3 CANCELLED AT 2024-01-30T15:29:33 DUE TO TIME LIMIT ***
srun: Job step aborted: Waiting up to 32 seconds for job step to finish.
slurmstepd: error: container_p_join: setns failed for /slurm/5038656/.ns: Invalid argument
slurmstepd: error: container_g_join(5038656): Invalid argument

JOB STATISTICS
==============
Job ID: 5038656
Cluster: snellius
User/Group: scur1199/scur1199
State: TIMEOUT (exit code 0)
Nodes: 1
Cores per node: 9
CPU Utilized: 00:27:09
CPU Efficiency: 11.89% of 03:48:18 core-walltime
Job Wall-clock time: 00:25:22
Memory Utilized: 1.92 GB
Memory Efficiency: 6.15% of 31.25 GB
